<?xml version="1.0" encoding="UTF-8" ?>
<testsuites errors="1"
            failures="1"
            tests="6">

  <testsuite name="Logintest"
    errors="1" failures="1" hostname="" id="" package="Logintest" skipped="6"
    tests="6" time="19.05" timestamp="">
  
    <testcase name="1. Verify the Logo , Carousel Image , Carousel Caption &amp; Footer Message is Displayed" classname="Logintest" time="1.259" assertions="4">

    

    

    

    
    </testcase>
  
    <testcase name="2. Verify that tag line with text &#34;Get 1% better Everyday is Visible&#34;" classname="Logintest" time="0.02100" assertions="1">

    
    </testcase>
  
    <testcase name="3. Verify that Carousel Image changes while clicking on the Carousel button" classname="Logintest" time="0.02200" assertions="1">

    
    </testcase>
  
    <testcase name="4. Verify that specific text between login options is present on the web page" classname="Logintest" time="0.02500" assertions="1">

    
    </testcase>
  
    <testcase name="5.  Verify that login page heading contains text &#34;Sign in to Go 1%&#34; is displayed " classname="Logintest" time="0.02400" assertions="1">

    
    </testcase>
  
    <testcase name="6. Verify that clicking on the Microsoft logo redirects to the Microsoft login page" classname="Logintest" time="7.685" assertions="2">

      <failure message="Failed [equal]: (null == &#39;Sign in to your account&#39;) - expected &#34;Sign in to your account&#34; but got: &#34;null&#34; (2ms)">    at NightwatchAPI.&lt;anonymous&gt; (/home/knoldus/Documents/GO1_%/test/Logintest.js:35:25)</failure>

    
    <error message="Failed [equal]: (null == &#39;Sign in to your account&#39;) - expected [32m&#34;Sign in to your account&#34;[39m but got: [31m&#34;null&#34;[39m [90m(2ms)[39m" type="error"><![CDATA[
        at NightwatchAPI.&lt;anonymous&gt; (/home/knoldus/Documents/GO1_%/test/Logintest.js:35:25)
    ]]></error>
    
    </testcase>
  

  
    <system-err>
       TimeoutError
   An error occurred while running .click() command on &lt;Element [name=@MicrosoftLogo]&gt;: target frame detached
  (failed to check if window was closed: disconnected: Unable to receive message from renderer)
  (Session info: chrome=122.0.6261.128)
    {&#34;error&#34;:{&#34;name&#34;:&#34;WebDriverError&#34;,&#34;remoteStacktrace&#34;:&#34;&#34;},&#34;status&#34;:-1,&#34;value&#34;:null}

    Error location:
    /home/knoldus/Documents/GO1_%/test/Logintest.js:33
    –––––––––––––––––––––––––––––––––––––––––––––––––
     31 | 
     32 |     it(&#39;6. Verify that clicking on the Microsoft logo redirects to the Microsoft login page&#39;, function(browser){
     33 |         Loginpage.clickMicrosoftLogo(); 
     34 |         Loginpage.getTitle(function(title){
     35 |             this.assert.equal(title , &#39;Sign in to your account&#39;)
    –––––––––––––––––––––––––––––––––––––––––––––––––

    </system-err>
  

    

  
    
    <testcase
      name="7. Verify that login fails with invalid credentials and an alert message is displayed" classname="Logintest">
      <skipped />
    </testcase>
    
    <testcase
      name="9. Verify remember me checkbox is selected during login" classname="Logintest">
      <skipped />
    </testcase>
    
    <testcase
      name="10. Verify the forgot Password functionality " classname="Logintest">
      <skipped />
    </testcase>
    
    <testcase
      name="11. Verify clicking on the &#34;Terms of Use&#34; link opens a new page with the terms of use" classname="Logintest">
      <skipped />
    </testcase>
    
    <testcase
      name="12.  Verify clicking on the &#34;Privacy policy&#34; link opens a new page with the privacy policy" classname="Logintest">
      <skipped />
    </testcase>
    
    <testcase
      name="8. Verify successful login with valid credentials" classname="Logintest">
      <skipped />
    </testcase>
    
  
  </testsuite>
</testsuites>
