<?xml version="1.0" encoding="UTF-8" ?>
<testsuites errors="1"
            failures="1"
            tests="6">

  <testsuite name="MyActivitytest"
    errors="1" failures="1" hostname="" id="" package="MyActivitytest" skipped="0"
    tests="6" time="44.67" timestamp="">
  
    <testcase name="1. Successful Login" classname="MyActivitytest" time="1.583" assertions="0">
    </testcase>
  
    <testcase name="2. verify Activity " classname="MyActivitytest" time="1.186" assertions="2">

    

    
    </testcase>
  
    <testcase name="2. Verify user should be able to see the all the activities on the My activity" classname="MyActivitytest" time="0.8660" assertions="2">

    

    
    </testcase>
  
    <testcase name="3. Verify appropriate points should be added according to the contribution . - Version1 " classname="MyActivitytest" time="5.292" assertions="1">  <failure message="Expected element &lt;body &gt; app-root:nth-child(1) &gt; div:nth-child(1) &gt; app-main:nth-child(2) &gt; section:nth-child(1) &gt; main:nth-child(2) &gt; div:nth-child(2) &gt; div:nth-child(1) &gt; div:nth-child(1) &gt; app-my-profile:nth-child(2) &gt; div:nth-child(1) &gt; div:nth-child(2) &gt; div:nth-child(3) &gt; app-my-activity:nth-child(1) &gt; div:nth-child(1) &gt; div:nth-child(1) &gt; div:nth-child(62) &gt; div:nth-child(1) &gt; div:nth-child(3) &gt; div:nth-child(3) &gt; span:nth-child(1)&gt; to be visible - element was not found - expected &#34;visible&#34; but got: &#34;not found&#34; (5222ms)">    at DescribeInstance.&lt;anonymous&gt; (/home/knoldus/Documents/GO1_%/test/MyActivitytest.js:31:20)</failure>

    
    <error message="Unable to locate element: body &gt; app-root:nth-child(1) &gt; div:nth-child(1) &gt; app-main:nth-child(2) &gt; section:nth-child(1) &gt; main:nth-child(2) &gt; div:nth-child(2) &gt; div:nth-child(1) &gt; div:nth-child(1) &gt; app-my-profile:nth-child(2) &gt; div:nth-child(1) &gt; div:nth-child(2) &gt; div:nth-child(3) &gt; app-my-activity:nth-child(1) &gt; div:nth-child(1) &gt; div:nth-child(1) &gt; div:nth-child(62) &gt; div:nth-child(1) &gt; div:nth-child(3) &gt; div:nth-child(3) &gt; span:nth-child(1) using css selector" type="error"><![CDATA[
    NoSuchElementError: Unable to locate element: body &gt; app-root:nth-child(1) &gt; div:nth-child(1) &gt; app-main:nth-child(2) &gt; section:nth-child(1) &gt; main:nth-child(2) &gt; div:nth-child(2) &gt; div:nth-child(1) &gt; div:nth-child(1) &gt; app-my-profile:nth-child(2) &gt; div:nth-child(1) &gt; div:nth-child(2) &gt; div:nth-child(3) &gt; app-my-activity:nth-child(1) &gt; div:nth-child(1) &gt; div:nth-child(1) &gt; div:nth-child(62) &gt; div:nth-child(1) &gt; div:nth-child(3) &gt; div:nth-child(3) &gt; span:nth-child(1) using css selector
    at throwDecodedError (/home/knoldus/Documents/GO1_%/node_modules/selenium-webdriver/lib/error.js:524:15)
    at ChromeDriver.handleErrorResponse (/home/knoldus/Documents/GO1_%/node_modules/nightwatch/lib/transport/selenium-webdriver/index.js:400:7)
    at TransportActions.makeResult (/home/knoldus/Documents/GO1_%/node_modules/nightwatch/lib/transport/selenium-webdriver/actions.js:85:20)
    at Object.locateMultipleElements (/home/knoldus/Documents/GO1_%/node_modules/nightwatch/lib/transport/selenium-webdriver/actions.js:71:21)
    at process.processTicksAndRejections (node:internal/process/task_queues:95:5)
    at async LocateElement.findElement (/home/knoldus/Documents/GO1_%/node_modules/nightwatch/lib/element/locator.js:167:20)
    ]]></error>
    
    </testcase>
  
    <testcase name="4. Verify that the user can be able to see the time for all Activity." classname="MyActivitytest" time="12.74" assertions="279">

    

    

    

    

    

    

    

    

    

    

    

    

    

    

    

    

    

    

    

    

    

    

    

    

    

    

    

    

    

    

    

    

    

    

    

    

    

    

    

    

    

    

    

    

    

    

    

    

    

    

    

    

    

    

    

    

    

    

    

    

    

    

    

    

    

    

    

    

    

    

    

    

    

    

    

    

    

    

    

    

    

    

    

    

    

    

    

    

    

    

    

    

    

    

    

    

    

    

    

    

    

    

    

    

    

    

    

    

    

    

    

    

    

    

    

    

    

    

    

    

    

    

    

    

    

    

    

    

    

    

    

    

    

    

    

    

    

    

    

    

    

    

    

    

    

    

    

    

    

    

    

    

    

    

    

    

    

    

    

    

    

    

    

    

    

    

    

    

    

    

    

    

    

    

    

    

    

    

    

    

    

    

    

    

    

    

    

    

    

    

    

    

    

    

    

    

    

    

    

    

    

    

    

    

    

    

    

    

    

    

    

    

    

    

    

    

    

    

    

    

    

    

    

    

    

    

    

    

    

    

    

    

    

    

    

    

    

    

    

    

    

    

    

    

    

    

    

    

    

    

    

    

    

    

    

    

    

    

    

    

    

    

    

    

    

    

    

    

    

    

    

    

    

    

    

    

    

    

    
    </testcase>
  
    <testcase name="6. Verify user should see Add a contribution button when no contribution has been added by the user" classname="MyActivitytest" time="0.1580" assertions="2">

    

    
    </testcase>
  

  
    <system-err>
       NoSuchElementError
   An element could not be located on the page using the given search parameters.

    Try fixing by :
    1. Please inspect the html before the step
    2. Verify if an element with the mentioned selector is present in the DOM tree
    </system-err>
  

    

  
  </testsuite>
</testsuites>
