<?xml version="1.0" encoding="UTF-8" ?>
<testsuites errors="1"
            failures="1"
            tests="1">

  <testsuite name="with-page-objects.google"
    errors="1" failures="1" hostname="" id="" package="with-page-objects" skipped="0"
    tests="1" time="16.30" timestamp="">
  
    <testcase name="should find nightwatch.js in results" classname="with-page-objects.google" time="7.067" assertions="2">

      <failure message="Expected element @results &lt;#rso&gt; to be present - element was not found - expected &#34;present&#34; but got: &#34;error while locating the element&#34; (5023ms)">    at DescribeInstance.&lt;anonymous&gt; (/home/knoldus/Documents/GO1_%/nightwatch/examples/with-page-objects/google.js:23:24)</failure>

    
    <error type="error"><![CDATA[
    NoSuchWindowError: no such window: target window already closed
from unknown error: web view not found
  (Session info: chrome=122.0.6261.111)
    at Object.throwDecodedError (/home/knoldus/Documents/GO1_%/node_modules/selenium-webdriver/lib/error.js:524:15)
    at parseHttpResponse (/home/knoldus/Documents/GO1_%/node_modules/selenium-webdriver/lib/http.js:601:13)
    at Executor.execute (/home/knoldus/Documents/GO1_%/node_modules/selenium-webdriver/lib/http.js:529:28)
    at process.processTicksAndRejections (node:internal/process/task_queues:95:5)
    at async Driver.execute (/home/knoldus/Documents/GO1_%/node_modules/selenium-webdriver/lib/webdriver.js:745:17)
    at async Driver.findElements (/home/knoldus/Documents/GO1_%/node_modules/selenium-webdriver/lib/webdriver.js:1089:17)
    at async MethodMappings.locateMultipleElements (/home/knoldus/Documents/GO1_%/node_modules/nightwatch/lib/transport/selenium-webdriver/method-mappings.js:385:31)
    at async Object.locateMultipleElements (/home/knoldus/Documents/GO1_%/node_modules/nightwatch/lib/transport/selenium-webdriver/actions.js:69:18)
    at async LocateElement.findElement (/home/knoldus/Documents/GO1_%/node_modules/nightwatch/lib/element/locator.js:167:20)
    ]]></error>
    
    </testcase>
  

  
    <system-err>
       NoSuchWindowError
   no such window: target window already closed
from unknown error: web view not found
  (Session info: chrome=122.0.6261.111)
    </system-err>
  

    

  
  </testsuite>
</testsuites>
